0 info it worked if it ends with ok
1 verbose cli [ '/usr/bin/node', '/usr/bin/npm', 'install', 'wangding', '-g' ]
2 info using npm@3.10.10
3 info using node@v6.10.1
4 silly loadCurrentTree Starting
5 silly install loadCurrentTree
6 silly install readGlobalPackageData
7 silly fetchPackageMetaData wangding
8 silly fetchNamedPackageData wangding
9 silly mapToRegistry name wangding
10 silly mapToRegistry using default registry
11 silly mapToRegistry registry https://registry.npmjs.org/
12 silly mapToRegistry data Result {
12 silly mapToRegistry   raw: 'wangding',
12 silly mapToRegistry   scope: null,
12 silly mapToRegistry   escapedName: 'wangding',
12 silly mapToRegistry   name: 'wangding',
12 silly mapToRegistry   rawSpec: '',
12 silly mapToRegistry   spec: 'latest',
12 silly mapToRegistry   type: 'tag' }
13 silly mapToRegistry uri https://registry.npmjs.org/wangding
14 verbose request uri https://registry.npmjs.org/wangding
15 verbose request no auth needed
16 info attempt registry request try #1 at 16:27:17
17 verbose request id e49e0fe69b51441d
18 http request GET https://registry.npmjs.org/wangding
19 http 200 https://registry.npmjs.org/wangding
20 verbose headers { date: 'Tue, 25 Sep 2018 08:27:19 GMT',
20 verbose headers   'content-type': 'application/json; charset=UTF-8',
20 verbose headers   'transfer-encoding': 'chunked',
20 verbose headers   connection: 'keep-alive',
20 verbose headers   'set-cookie': [ '__cfduid=dbd2a1af4419c10f6b12637d6e27326f21537864039; expires=Wed, 25-Sep-19 08:27:19 GMT; path=/; domain=.registry.npmjs.org; HttpOnly' ],
20 verbose headers   'cf-cache-status': 'MISS',
20 verbose headers   'cache-control': 'max-age=300',
20 verbose headers   'cf-ray': '45fc1c64bcf976f4-LAX',
20 verbose headers   etag: 'W/"f6d8033e08079d2e9e1c6b685d3341b7"',
20 verbose headers   'expect-ct': 'max-age=604800, report-uri="https://report-uri.cloudflare.com/cdn-cgi/beacon/expect-ct"',
20 verbose headers   'last-modified': 'Sun, 27 May 2018 21:30:54 GMT',
20 verbose headers   vary: 'accept-encoding, accept',
20 verbose headers   server: 'cloudflare',
20 verbose headers   'content-encoding': 'gzip' }
21 silly get cb [ 200,
21 silly get   { date: 'Tue, 25 Sep 2018 08:27:19 GMT',
21 silly get     'content-type': 'application/json; charset=UTF-8',
21 silly get     'transfer-encoding': 'chunked',
21 silly get     connection: 'keep-alive',
21 silly get     'set-cookie': [ '__cfduid=dbd2a1af4419c10f6b12637d6e27326f21537864039; expires=Wed, 25-Sep-19 08:27:19 GMT; path=/; domain=.registry.npmjs.org; HttpOnly' ],
21 silly get     'cf-cache-status': 'MISS',
21 silly get     'cache-control': 'max-age=300',
21 silly get     'cf-ray': '45fc1c64bcf976f4-LAX',
21 silly get     etag: 'W/"f6d8033e08079d2e9e1c6b685d3341b7"',
21 silly get     'expect-ct': 'max-age=604800, report-uri="https://report-uri.cloudflare.com/cdn-cgi/beacon/expect-ct"',
21 silly get     'last-modified': 'Sun, 27 May 2018 21:30:54 GMT',
21 silly get     vary: 'accept-encoding, accept',
21 silly get     server: 'cloudflare',
21 silly get     'content-encoding': 'gzip' } ]
22 verbose get saving wangding to /home/wangding/.npm/registry.npmjs.org/wangding/.cache.json
23 verbose correctMkdir /home/wangding/.npm correctMkdir not in flight; initializing
24 silly install normalizeTree
25 silly loadCurrentTree Finishing
26 silly loadIdealTree Starting
27 silly install loadIdealTree
28 silly cloneCurrentTree Starting
29 silly install cloneCurrentTreeToIdealTree
30 silly cloneCurrentTree Finishing
31 silly loadShrinkwrap Starting
32 silly install loadShrinkwrap
33 silly loadShrinkwrap Finishing
34 silly loadAllDepsIntoIdealTree Starting
35 silly install loadAllDepsIntoIdealTree
36 silly resolveWithNewModule wangding@1.0.6 checking installable status
37 silly cache add args [ 'wangding', null ]
38 verbose cache add spec wangding
39 silly cache add parsed spec Result {
39 silly cache add   raw: 'wangding',
39 silly cache add   scope: null,
39 silly cache add   escapedName: 'wangding',
39 silly cache add   name: 'wangding',
39 silly cache add   rawSpec: '',
39 silly cache add   spec: 'latest',
39 silly cache add   type: 'tag' }
40 silly addNamed wangding@latest
41 verbose addNamed "latest" is being treated as a dist-tag for wangding
42 info addNameTag [ 'wangding', 'latest' ]
43 silly mapToRegistry name wangding
44 silly mapToRegistry using default registry
45 silly mapToRegistry registry https://registry.npmjs.org/
46 silly mapToRegistry data Result {
46 silly mapToRegistry   raw: 'wangding',
46 silly mapToRegistry   scope: null,
46 silly mapToRegistry   escapedName: 'wangding',
46 silly mapToRegistry   name: 'wangding',
46 silly mapToRegistry   rawSpec: '',
46 silly mapToRegistry   spec: 'latest',
46 silly mapToRegistry   type: 'tag' }
47 silly mapToRegistry uri https://registry.npmjs.org/wangding
48 verbose addNameTag registry:https://registry.npmjs.org/wangding not in flight; fetching
49 verbose get https://registry.npmjs.org/wangding not expired, no request
50 silly addNameTag next cb for wangding with tag latest
51 silly addNamed wangding@1.0.6
52 verbose addNamed "1.0.6" is a plain semver version for wangding
53 silly mapToRegistry name wangding
54 silly mapToRegistry using default registry
55 silly mapToRegistry registry https://registry.npmjs.org/
56 silly mapToRegistry data Result {
56 silly mapToRegistry   raw: 'wangding',
56 silly mapToRegistry   scope: null,
56 silly mapToRegistry   escapedName: 'wangding',
56 silly mapToRegistry   name: 'wangding',
56 silly mapToRegistry   rawSpec: '',
56 silly mapToRegistry   spec: 'latest',
56 silly mapToRegistry   type: 'tag' }
57 silly mapToRegistry uri https://registry.npmjs.org/wangding
58 verbose addRemoteTarball https://registry.npmjs.org/wangding/-/wangding-1.0.6.tgz not in flight; adding
59 verbose addRemoteTarball [ 'https://registry.npmjs.org/wangding/-/wangding-1.0.6.tgz',
59 verbose addRemoteTarball   '2eeea80445c694a57ff5b23d323d1382ee4ea697' ]
60 info retry fetch attempt 1 at 16:27:21
61 info attempt registry request try #1 at 16:27:21
62 http fetch GET https://registry.npmjs.org/wangding/-/wangding-1.0.6.tgz
63 http fetch 200 https://registry.npmjs.org/wangding/-/wangding-1.0.6.tgz
64 silly fetchAndShaCheck shasum 2eeea80445c694a57ff5b23d323d1382ee4ea697
65 verbose addTmpTarball /tmp/npm-3750-5c255784/registry.npmjs.org/wangding/-/wangding-1.0.6.tgz not in flight; adding
66 verbose addTmpTarball already have metadata; skipping unpack for wangding@1.0.6
67 verbose correctMkdir /home/wangding/.npm correctMkdir not in flight; initializing
68 silly cache afterAdd wangding@1.0.6
69 verbose afterAdd /home/wangding/.npm/wangding/1.0.6/package/package.json not in flight; writing
70 verbose correctMkdir /home/wangding/.npm correctMkdir not in flight; initializing
71 verbose afterAdd /home/wangding/.npm/wangding/1.0.6/package/package.json written
72 silly loadAllDepsIntoIdealTree Finishing
73 silly loadIdealTree Finishing
74 silly currentTree lib
75 silly idealTree lib
75 silly idealTree └── wangding@1.0.6
76 silly generateActionsToTake Starting
77 silly install generateActionsToTake
78 warn checkPermissions Missing write access to /usr/lib/node_modules
79 silly rollbackFailedOptional Starting
80 silly rollbackFailedOptional Finishing
81 silly runTopLevelLifecycles Finishing
82 silly install printInstalled
83 verbose stack Error: EACCES: permission denied, access '/usr/lib/node_modules'
83 verbose stack     at Error (native)
84 verbose cwd /home/wangding/nodejs-demo/07-module
85 error Linux 3.10.0-514.el7.x86_64
86 error argv "/usr/bin/node" "/usr/bin/npm" "install" "wangding" "-g"
87 error node v6.10.1
88 error npm  v3.10.10
89 error path /usr/lib/node_modules
90 error code EACCES
91 error errno -13
92 error syscall access
93 error Error: EACCES: permission denied, access '/usr/lib/node_modules'
93 error     at Error (native)
93 error  { Error: EACCES: permission denied, access '/usr/lib/node_modules'
93 error     at Error (native)
93 error   errno: -13,
93 error   code: 'EACCES',
93 error   syscall: 'access',
93 error   path: '/usr/lib/node_modules' }
94 error Please try running this command again as root/Administrator.
95 verbose exit [ -13, true ]
